<?xml version="1.0" encoding="UTF-8"?>
<!-- Generated by org.testng.reporters.JUnitReportReporter -->
<testsuite skipped="0" hostname="LAPTOP-9SDV1HUD" name="org.runner.RunnerClass" tests="1" failures="0" timestamp="05 Apr 2021 11:39:02 GMT" time="5.271" errors="0">
  <testcase name="tc1" time="5.271" classname="org.runner.RunnerClass"/>
</testsuite> <!-- org.runner.RunnerClass -->
